[www.sln-chew.com/wab2c675.html]
[backblue.gif]
[fade.gif]
[index.html]
[cdn.counter.dev/script.js]
[ajax.googleapis.com/ajax/libs/jquery/3.6.0/jquery.min.js]
[connect.facebook.net/en_US/fbevents.js]
[www.sln-chew.com/img/logo.png]
[www.sln-chew.com/img/model.png]
[www.sln-chew.com/wab2c675.html]
[www.sln-chew.com/wb_favicon/apple-touch-icon.html]
[www.sln-chew.com/wb_favicon/favicon-32x32.html]
[www.sln-chew.com/wb_favicon/favicon-16x16.html]
[www.sln-chew.com/wb_favicon/site.html]
[www.sln-chew.com/wb_favicon/safari-pinned-tab.html]
[connect.facebook.net/en_US/fbevents.js]
[www.sln-chew.com/a.html]
[www.sln-chew.com/POST.html]
[www.sln-chew.com/schema.org/index.html]
[www.sln-chew.com/index.html]
[www.sln-chew.com/index.html]
[www.sln-chew.com/b.html]
[www.sln-chew.com/signals/iwl.html]
[www.sln-chew.com/'https_/sln-chew.com/index.html]
